Warning: Equate pins:  cell sky130_fd_pr__nfet_01v8_lvt is a placeholder, treated as a black box.
Warning: Equate pins:  cell sky130_fd_pr__nfet_01v8_lvt is a placeholder, treated as a black box.

Subcircuit pins:
Circuit 1: sky130_fd_pr__nfet_01v8_lvt     |Circuit 2: sky130_fd_pr__nfet_01v8_lvt     
-------------------------------------------|-------------------------------------------
1                                          |1                                          
2                                          |2                                          
3                                          |3                                          
4                                          |4                                          
---------------------------------------------------------------------------------------
Cell pin lists are equivalent.
Device classes sky130_fd_pr__nfet_01v8_lvt and sky130_fd_pr__nfet_01v8_lvt are equivalent.
<<<<<<< HEAD
Flattening unmatched subcell XR1 in circuit hyscomp (0)(1 instance)
Flattening unmatched subcell XR1_origin in circuit hyscomp (0)(1 instance)
Flattening unmatched subcell XR2 in circuit hyscomp (0)(1 instance)
Flattening unmatched subcell XR2_origin in circuit hyscomp (0)(1 instance)
Flattening unmatched subcell XM1 in circuit hyscomp (0)(1 instance)
Flattening unmatched subcell XM1_origin in circuit hyscomp (0)(1 instance)
Flattening unmatched subcell XM2 in circuit hyscomp (0)(1 instance)
Flattening unmatched subcell XM2_origin in circuit hyscomp (0)(1 instance)
Flattening unmatched subcell XM3 in circuit hyscomp (0)(1 instance)
Flattening unmatched subcell XM3_origin in circuit hyscomp (0)(1 instance)
Flattening unmatched subcell XM4 in circuit hyscomp (0)(1 instance)
Flattening unmatched subcell XM4_origin in circuit hyscomp (0)(1 instance)
Flattening unmatched subcell XM5 in circuit hyscomp (0)(1 instance)
Flattening unmatched subcell XM5_origin in circuit hyscomp (0)(1 instance)
Flattening unmatched subcell XM6 in circuit hyscomp (0)(1 instance)
Flattening unmatched subcell XM6_origin in circuit hyscomp (0)(1 instance)

Cell hyscomp (0) disconnected node: oa
Cell hyscomp (0) disconnected node: ob
Cell hyscomp (0) disconnected node: ia
Cell hyscomp (0) disconnected node: ib
Cell hyscomp (0) disconnected node: icmlbias
Cell hyscomp (0) disconnected node: ihysbias
Class hyscomp (0):  Merged 91 parallel devices.
Cell hyscomp (0) disconnected node: oa
Cell hyscomp (0) disconnected node: ob
Cell hyscomp (0) disconnected node: ia
Cell hyscomp (0) disconnected node: ib
Cell hyscomp (0) disconnected node: icmlbias
Cell hyscomp (0) disconnected node: ihysbias
Subcircuit summary:
Circuit 1: hyscomp                         |Circuit 2: hyscomp                         
-------------------------------------------|-------------------------------------------
sky130_fd_pr__res_generic_nd (2->1)        |sky130_fd_pr__res_generic_nd (2) **Mismatc 
sky130_fd_pr__nfet_01v8_lvt (96->6)        |sky130_fd_pr__nfet_01v8_lvt (1498657840->6 
Number of devices: 7 **Mismatch**          |Number of devices: 8 **Mismatch**          
Number of nets: 20 **Mismatch**            |Number of nets: 10 **Mismatch**            
---------------------------------------------------------------------------------------
NET mismatches: Class fragments follow (with fanout counts):
Circuit 1: hyscomp                         |Circuit 2: hyscomp                         

---------------------------------------------------------------------------------------
Net: /XR1/XR1/1                            |Net: vdd                                   
  sky130_fd_pr__res_generic_nd/(1|2) = 1   |  sky130_fd_pr__res_generic_nd/(1|2) = 2   
                                           |  sky130_fd_pr__res_generic_nd/3 = 2       
                                           |                                           
Net: /XM1/XM1/G                            |(no matching net)                          
  sky130_fd_pr__nfet_01v8_lvt/2 = 1        |                                           
                                           |                                           
Net: /XM2/XM2/G                            |(no matching net)                          
  sky130_fd_pr__nfet_01v8_lvt/2 = 1        |                                           
                                           |                                           
Net: /XM3/XM3/G                            |(no matching net)                          
  sky130_fd_pr__nfet_01v8_lvt/2 = 1        |                                           
                                           |                                           
Net: /XM4/XM4/G                            |(no matching net)                          
  sky130_fd_pr__nfet_01v8_lvt/2 = 1        |                                           
                                           |                                           
Net: /XM5/XM5/G                            |(no matching net)                          
  sky130_fd_pr__nfet_01v8_lvt/2 = 1        |                                           
                                           |                                           
Net: /XM6/XM6/G                            |(no matching net)                          
  sky130_fd_pr__nfet_01v8_lvt/2 = 1        |                                           
                                           |                                           
Net: /XM1/XM1/D                            |(no matching net)                          
  sky130_fd_pr__nfet_01v8_lvt/(1|3) = 1    |                                           
                                           |                                           
Net: /XM1/XM1/S                            |(no matching net)                          
  sky130_fd_pr__nfet_01v8_lvt/(1|3) = 1    |                                           
                                           |                                           
Net: /XM2/XM2/D                            |(no matching net)                          
  sky130_fd_pr__nfet_01v8_lvt/(1|3) = 1    |                                           
                                           |                                           
Net: /XM2/XM2/S                            |(no matching net)                          
  sky130_fd_pr__nfet_01v8_lvt/(1|3) = 1    |                                           
                                           |                                           
Net: /XM3/XM3/D                            |(no matching net)                          
  sky130_fd_pr__nfet_01v8_lvt/(1|3) = 1    |                                           
                                           |                                           
Net: /XM3/XM3/S                            |(no matching net)                          
  sky130_fd_pr__nfet_01v8_lvt/(1|3) = 1    |                                           
                                           |                                           
Net: /XM4/XM4/D                            |(no matching net)                          
  sky130_fd_pr__nfet_01v8_lvt/(1|3) = 1    |                                           
                                           |                                           
Net: /XM4/XM4/S                            |(no matching net)                          
  sky130_fd_pr__nfet_01v8_lvt/(1|3) = 1    |                                           
                                           |                                           
Net: /XM5/XM5/D                            |(no matching net)                          
  sky130_fd_pr__nfet_01v8_lvt/(1|3) = 1    |                                           
                                           |                                           
Net: /XM5/XM5/S                            |(no matching net)                          
  sky130_fd_pr__nfet_01v8_lvt/(1|3) = 1    |                                           
                                           |                                           
Net: /XM6/XM6/D                            |(no matching net)                          
  sky130_fd_pr__nfet_01v8_lvt/(1|3) = 1    |                                           
                                           |                                           
Net: /XM6/XM6/S                            |(no matching net)                          
  sky130_fd_pr__nfet_01v8_lvt/(1|3) = 1    |                                           
---------------------------------------------------------------------------------------

---------------------------------------------------------------------------------------
(no matching net)                          |Net: net2                                  
                                           |  sky130_fd_pr__nfet_01v8_lvt/(1|3) = 3    
                                           |                                           
(no matching net)                          |Net: net1                                  
                                           |  sky130_fd_pr__nfet_01v8_lvt/(1|3) = 3    
---------------------------------------------------------------------------------------

---------------------------------------------------------------------------------------
Net: vss                                   |Net: vss                                   
  sky130_fd_pr__nfet_01v8_lvt/4 = 6        |  sky130_fd_pr__nfet_01v8_lvt/4 = 6        
  sky130_fd_pr__res_generic_nd/3 = 1       |  sky130_fd_pr__nfet_01v8_lvt/(1|3) = 2    
  sky130_fd_pr__res_generic_nd/(1|2) = 1   |                                           
---------------------------------------------------------------------------------------
DEVICE mismatches: Class fragments follow (with node fanout counts):
Circuit 1: hyscomp                         |Circuit 2: hyscomp                         

---------------------------------------------------------------------------------------
Instance: XR1/XR1_origin:XR1/sky130_fd_pr_ |(no matching instance)                     
  (1,2) = (8,1)                            |                                           
  3 = 8                                    |                                           
                                           |                                           
---------------------------------------------------------------------------------------

---------------------------------------------------------------------------------------
Instance: XM6/XM6_origin:XM6/sky130_fd_pr_ |(no matching instance)                     
  (1,3) = (1,1)                            |                                           
  2 = 1                                    |                                           
  4 = 8                                    |                                           
                                           |                                           
                                           |                                           
Instance: XM5/XM5_origin:XM5/sky130_fd_pr_ |(no matching instance)                     
  (1,3) = (1,1)                            |                                           
  2 = 1                                    |                                           
  4 = 8                                    |                                           
                                           |                                           
                                           |                                           
Instance: XM4/XM4_origin:XM4/sky130_fd_pr_ |(no matching instance)                     
  (1,3) = (1,1)                            |                                           
  2 = 1                                    |                                           
  4 = 8                                    |                                           
                                           |                                           
                                           |                                           
Instance: XM3/XM3_origin:XM3/sky130_fd_pr_ |(no matching instance)                     
  (1,3) = (1,1)                            |                                           
  2 = 1                                    |                                           
  4 = 8                                    |                                           
                                           |                                           
                                           |                                           
Instance: XM2/XM2_origin:XM2/sky130_fd_pr_ |(no matching instance)                     
  (1,3) = (1,1)                            |                                           
  2 = 1                                    |                                           
  4 = 8                                    |                                           
                                           |                                           
                                           |                                           
Instance: XM1/XM1_origin:XM1/sky130_fd_pr_ |(no matching instance)                     
  (1,3) = (1,1)                            |                                           
  2 = 1                                    |                                           
  4 = 8                                    |                                           
                                           |                                           
---------------------------------------------------------------------------------------
Netlists do not match.
=======
Warning: Equate pins:  cell sky130_fd_pr__pfet_01v8_lvt is a placeholder, treated as a black box.
Warning: Equate pins:  cell sky130_fd_pr__pfet_01v8_lvt is a placeholder, treated as a black box.
>>>>>>> 1b3ffd5233fe3cf4f9dce3a5929071481894e295

Subcircuit pins:
Circuit 1: sky130_fd_pr__pfet_01v8_lvt     |Circuit 2: sky130_fd_pr__pfet_01v8_lvt     
-------------------------------------------|-------------------------------------------
<<<<<<< HEAD
vss                                        |vss                                        
(no matching pin)                          |vdd                                        
(no matching pin)                          |ia                                         
(no matching pin)                          |ib                                         
(no matching pin)                          |icmlbias                                   
(no matching pin)                          |ihysbias                                   
(no matching pin)                          |oa                                         
(no matching pin)                          |ob                                         
oa                                         |(no matching pin)                          
ob                                         |(no matching pin)                          
ia                                         |(no matching pin)                          
ib                                         |(no matching pin)                          
icmlbias                                   |(no matching pin)                          
ihysbias                                   |(no matching pin)                          
---------------------------------------------------------------------------------------
Cell pin lists for hyscomp and hyscomp altered to match.
Device classes hyscomp and hyscomp are equivalent.

Final result: Top level cell failed pin matching.
=======
1                                          |1                                          
2                                          |2                                          
3                                          |3                                          
4                                          |4                                          
---------------------------------------------------------------------------------------
Cell pin lists are equivalent.
Device classes sky130_fd_pr__pfet_01v8_lvt and sky130_fd_pr__pfet_01v8_lvt are equivalent.
Flattening unmatched subcell XM1 in circuit diff2sin (0)(1 instance)
Flattening unmatched subcell XM1_origin in circuit diff2sin (0)(1 instance)
Flattening unmatched subcell XM2 in circuit diff2sin (0)(1 instance)
Flattening unmatched subcell XM2_origin in circuit diff2sin (0)(1 instance)
Flattening unmatched subcell XM3 in circuit diff2sin (0)(1 instance)
Flattening unmatched subcell XM3_origin in circuit diff2sin (0)(1 instance)
Flattening unmatched subcell XM4 in circuit diff2sin (0)(1 instance)
Flattening unmatched subcell XM4_origin in circuit diff2sin (0)(1 instance)
Flattening unmatched subcell XM5 in circuit diff2sin (0)(1 instance)
Flattening unmatched subcell XM5_origin in circuit diff2sin (0)(1 instance)

Class diff2sin (0):  Merged 139 parallel devices.
Subcircuit summary:
Circuit 1: diff2sin                        |Circuit 2: diff2sin                        
-------------------------------------------|-------------------------------------------
sky130_fd_pr__nfet_01v8_lvt (64->3)        |sky130_fd_pr__nfet_01v8_lvt (64->3)        
sky130_fd_pr__pfet_01v8_lvt (80->2)        |sky130_fd_pr__pfet_01v8_lvt (80->2)        
Number of devices: 5                       |Number of devices: 5                       
Number of nets: 8                          |Number of nets: 8                          
---------------------------------------------------------------------------------------
Circuits match uniquely.
Netlists match uniquely.

Subcircuit pins:
Circuit 1: diff2sin                        |Circuit 2: diff2sin                        
-------------------------------------------|-------------------------------------------
out                                        |out                                        
vss                                        |vss                                        
vdd                                        |vdd                                        
ib                                         |ib                                         
icmbias                                    |icmbias                                    
ia                                         |ia                                         
---------------------------------------------------------------------------------------
Cell pin lists are equivalent.
Device classes diff2sin and diff2sin are equivalent.
Circuits match uniquely.
>>>>>>> 1b3ffd5233fe3cf4f9dce3a5929071481894e295
